<html>
<head>
<title>TestNG:  Test</title>
<link href="../testng.css" rel="stylesheet" type="text/css" />
<link href="../my-testng.css" rel="stylesheet" type="text/css" />

<style type="text/css">
.log { display: none;} 
.stack-trace { display: none;} 
</style>
<script type="text/javascript">
<!--
function flip(e) {
  current = e.style.display;
  if (current == 'block') {
    e.style.display = 'none';
    return 0;
  }
  else {
    e.style.display = 'block';
    return 1;
  }
}

function toggleBox(szDivId, elem, msg1, msg2)
{
  var res = -1;  if (document.getElementById) {
    res = flip(document.getElementById(szDivId));
  }
  else if (document.all) {
    // this is the way old msie versions work
    res = flip(document.all[szDivId]);
  }
  if(elem) {
    if(res == 0) elem.innerHTML = msg1; else elem.innerHTML = msg2;
  }

}

function toggleAllBoxes() {
  if (document.getElementsByTagName) {
    d = document.getElementsByTagName('div');
    for (i = 0; i < d.length; i++) {
      if (d[i].className == 'log') {
        flip(d[i]);
      }
    }
  }
}

// -->
</script>

</head>
<body>
<h2 align='center'>Test</h2><table border='1' align="center">
<tr>
<td>Tests passed/Failed/Skipped:</td><td>19/1/0</td>
</tr><tr>
<td>Started on:</td><td>Thu Jul 14 21:03:50 IST 2022</td>
</tr>
<tr><td>Total time:</td><td>168 seconds (168840 ms)</td>
</tr><tr>
<td>Included groups:</td><td></td>
</tr><tr>
<td>Excluded groups:</td><td></td>
</tr>
</table><p/>
<small><i>(Hover the method name to see the test class name)</i></small><p/>
<table width='100%' border='1' class='invocation-failed'>
<tr><td colspan='4' align='center'><b>FAILED TESTS</b></td></tr>
<tr><td><b>Test method</b></td>
<td width="30%"><b>Exception</b></td>
<td width="10%"><b>Time (seconds)</b></td>
<td><b>Instance</b></td>
</tr>
<tr>
<td title='Test.Element_Selection.Test_Add_To_Cart()'><b>Test_Add_To_Cart</b><br>Test class: Test.Element_Selection</td>
<td><div><pre>org.openqa.selenium.NoSuchElementException: no such element: Unable to locate element: {&quot;method&quot;:&quot;xpath&quot;,&quot;selector&quot;:&quot;/html[1]/body[1]/div[1]/div[1]/div[3]/div[1]/div[2]/div[2]/div[1]/div[4]/div[1]/a[1]/div[1]/div[1]/div[1]/img[1]&quot;}
  (Session info: headless chrome=103.0.5060.114)
For documentation on this error, please visit: https://selenium.dev/exceptions/#no_such_element
Build info: version: &apos;4.1.3&apos;, revision: &apos;7b1ebf28ef&apos;
System info: host: &apos;IN-706M2J3&apos;, ip: &apos;192.168.1.12&apos;, os.name: &apos;Windows 11&apos;, os.arch: &apos;amd64&apos;, os.version: &apos;10.0&apos;, java.version: &apos;18.0.1.1&apos;
Driver info: org.openqa.selenium.chrome.ChromeDriver
Command: [a7b701919b1fe89247f74261cd3a6627, findElement {using=xpath, value=/html[1]/body[1]/div[1]/div[1]/div[3]/div[1]/div[2]/div[2]/div[1]/div[4]/div[1]/a[1]/div[1]/div[1]/div[1]/img[1]}]
Capabilities {acceptInsecureCerts: false, browserName: chrome, browserVersion: 103.0.5060.114, chrome: {chromedriverVersion: 102.0.5005.61 (0e59bcc00cc4..., userDataDir: C:\Users\ABHINI~1\AppData\L...}, goog:chromeOptions: {debuggerAddress: localhost:52571}, javascriptEnabled: true, networkConnectionEnabled: false, pageLoadStrategy: normal, platform: WINDOWS, platformName: WINDOWS, proxy: Proxy(), se:cdp: ws://localhost:52571/devtoo..., se:cdpVersion: 103.0.5060.114, setWindowRect: true, strictFileInteractability: false, timeouts: {implicit: 0, pageLoad: 300000, script: 30000}, unhandledPromptBehavior: dismiss and notify, webauthn:extension:credBlob: true, webauthn:extension:largeBlob: true, webauthn:virtualAuthenticators: true}
Session ID: a7b701919b1fe89247f74261cd3a6627
	at org.openqa.selenium.remote.codec.w3c.W3CHttpResponseCodec.createException(W3CHttpResponseCodec.java:200)
	at org.openqa.selenium.remote.codec.w3c.W3CHttpResponseCodec.decode(W3CHttpResponseCodec.java:133)
	at org.openqa.selenium.remote.codec.w3c.W3CHttpResponseCodec.decode(W3CHttpResponseCodec.java:53)
	at org.openqa.selenium.remote.HttpCommandExecutor.execute(HttpCommandExecutor.java:184)
	at org.openqa.selenium.remote.service.DriverCommandExecutor.invokeExecute(DriverCommandExecutor.java:167)
	at org.openqa.selenium.remote.service.DriverCommandExecutor.execute(DriverCommandExecutor.java:142)
	at org.openqa.selenium.remote.RemoteWebDriver.execute(RemoteWebDriver.java:567)
	at org.openqa.selenium.remote.ElementLocation$ElementFinder$2.findElement(ElementLocation.java:162)
	at org.openqa.selenium.remote.ElementLocation.findElement(ElementLocation.java:60)
	at org.openqa.selenium.remote.RemoteWebDriver.findElement(RemoteWebDriver.java:385)
	at org.openqa.selenium.remote.RemoteWebDriver.findElement(RemoteWebDriver.java:377)
	at org.openqa.selenium.support.pagefactory.DefaultElementLocator.findElement(DefaultElementLocator.java:70)
	at org.openqa.selenium.support.pagefactory.internal.LocatingElementHandler.invoke(LocatingElementHandler.java:39)
	at jdk.proxy2/jdk.proxy2.$Proxy33.click(Unknown Source)
	at Page.Selection.Item_Add_To_Cart(Selection.java:45)
	at Test.Element_Selection.Test_Add_To_Cart(Element_Selection.java:22)
	at java.base/java.util.ArrayList.forEach(ArrayList.java:1511)
... Removed 28 stack frames</pre></div><a href='#' onClick='toggleBox("stack-trace117859171", this, "Click to show all stack frames", "Click to hide stack frames")'>Click to show all stack frames</a>
<div class='stack-trace' id='stack-trace117859171'><pre>org.openqa.selenium.NoSuchElementException: no such element: Unable to locate element: {&quot;method&quot;:&quot;xpath&quot;,&quot;selector&quot;:&quot;/html[1]/body[1]/div[1]/div[1]/div[3]/div[1]/div[2]/div[2]/div[1]/div[4]/div[1]/a[1]/div[1]/div[1]/div[1]/img[1]&quot;}
  (Session info: headless chrome=103.0.5060.114)
For documentation on this error, please visit: https://selenium.dev/exceptions/#no_such_element
Build info: version: &apos;4.1.3&apos;, revision: &apos;7b1ebf28ef&apos;
System info: host: &apos;IN-706M2J3&apos;, ip: &apos;192.168.1.12&apos;, os.name: &apos;Windows 11&apos;, os.arch: &apos;amd64&apos;, os.version: &apos;10.0&apos;, java.version: &apos;18.0.1.1&apos;
Driver info: org.openqa.selenium.chrome.ChromeDriver
Command: [a7b701919b1fe89247f74261cd3a6627, findElement {using=xpath, value=/html[1]/body[1]/div[1]/div[1]/div[3]/div[1]/div[2]/div[2]/div[1]/div[4]/div[1]/a[1]/div[1]/div[1]/div[1]/img[1]}]
Capabilities {acceptInsecureCerts: false, browserName: chrome, browserVersion: 103.0.5060.114, chrome: {chromedriverVersion: 102.0.5005.61 (0e59bcc00cc4..., userDataDir: C:\Users\ABHINI~1\AppData\L...}, goog:chromeOptions: {debuggerAddress: localhost:52571}, javascriptEnabled: true, networkConnectionEnabled: false, pageLoadStrategy: normal, platform: WINDOWS, platformName: WINDOWS, proxy: Proxy(), se:cdp: ws://localhost:52571/devtoo..., se:cdpVersion: 103.0.5060.114, setWindowRect: true, strictFileInteractability: false, timeouts: {implicit: 0, pageLoad: 300000, script: 30000}, unhandledPromptBehavior: dismiss and notify, webauthn:extension:credBlob: true, webauthn:extension:largeBlob: true, webauthn:virtualAuthenticators: true}
Session ID: a7b701919b1fe89247f74261cd3a6627
	at java.base/jdk.internal.reflect.DirectConstructorHandleAccessor.newInstance(DirectConstructorHandleAccessor.java:67)
	at java.base/java.lang.reflect.Constructor.newInstanceWithCaller(Constructor.java:499)
	at java.base/java.lang.reflect.Constructor.newInstance(Constructor.java:483)
	at org.openqa.selenium.remote.codec.w3c.W3CHttpResponseCodec.createException(W3CHttpResponseCodec.java:200)
	at org.openqa.selenium.remote.codec.w3c.W3CHttpResponseCodec.decode(W3CHttpResponseCodec.java:133)
	at org.openqa.selenium.remote.codec.w3c.W3CHttpResponseCodec.decode(W3CHttpResponseCodec.java:53)
	at org.openqa.selenium.remote.HttpCommandExecutor.execute(HttpCommandExecutor.java:184)
	at org.openqa.selenium.remote.service.DriverCommandExecutor.invokeExecute(DriverCommandExecutor.java:167)
	at org.openqa.selenium.remote.service.DriverCommandExecutor.execute(DriverCommandExecutor.java:142)
	at org.openqa.selenium.remote.RemoteWebDriver.execute(RemoteWebDriver.java:567)
	at org.openqa.selenium.remote.ElementLocation$ElementFinder$2.findElement(ElementLocation.java:162)
	at org.openqa.selenium.remote.ElementLocation.findElement(ElementLocation.java:60)
	at org.openqa.selenium.remote.RemoteWebDriver.findElement(RemoteWebDriver.java:385)
	at org.openqa.selenium.remote.RemoteWebDriver.findElement(RemoteWebDriver.java:377)
	at org.openqa.selenium.support.pagefactory.DefaultElementLocator.findElement(DefaultElementLocator.java:70)
	at org.openqa.selenium.support.pagefactory.internal.LocatingElementHandler.invoke(LocatingElementHandler.java:39)
	at jdk.proxy2/jdk.proxy2.$Proxy33.click(Unknown Source)
	at Page.Selection.Item_Add_To_Cart(Selection.java:45)
	at Test.Element_Selection.Test_Add_To_Cart(Element_Selection.java:22)
	at java.base/jdk.internal.reflect.DirectMethodHandleAccessor.invoke(DirectMethodHandleAccessor.java:104)
	at java.base/java.lang.reflect.Method.invoke(Method.java:577)
	at org.testng.internal.MethodInvocationHelper.invokeMethod(MethodInvocationHelper.java:133)
	at org.testng.internal.TestInvoker.invokeMethod(TestInvoker.java:598)
	at org.testng.internal.TestInvoker.invokeTestMethod(TestInvoker.java:173)
	at org.testng.internal.MethodRunner.runInSequence(MethodRunner.java:46)
	at org.testng.internal.TestInvoker$MethodInvocationAgent.invoke(TestInvoker.java:824)
	at org.testng.internal.TestInvoker.invokeTestMethods(TestInvoker.java:146)
	at org.testng.internal.TestMethodWorker.invokeTestMethods(TestMethodWorker.java:146)
	at org.testng.internal.TestMethodWorker.run(TestMethodWorker.java:128)
	at java.base/java.util.ArrayList.forEach(ArrayList.java:1511)
	at org.testng.TestRunner.privateRun(TestRunner.java:794)
	at org.testng.TestRunner.run(TestRunner.java:596)
	at org.testng.SuiteRunner.runTest(SuiteRunner.java:377)
	at org.testng.SuiteRunner.runSequentially(SuiteRunner.java:371)
	at org.testng.SuiteRunner.privateRun(SuiteRunner.java:332)
	at org.testng.SuiteRunner.run(SuiteRunner.java:276)
	at org.testng.SuiteRunnerWorker.runSuite(SuiteRunnerWorker.java:53)
	at org.testng.SuiteRunnerWorker.run(SuiteRunnerWorker.java:96)
	at org.testng.TestNG.runSuitesSequentially(TestNG.java:1212)
	at org.testng.TestNG.runSuitesLocally(TestNG.java:1134)
	at org.testng.TestNG.runSuites(TestNG.java:1063)
	at org.testng.TestNG.run(TestNG.java:1031)
	at org.testng.remote.AbstractRemoteTestNG.run(AbstractRemoteTestNG.java:115)
	at org.testng.remote.RemoteTestNG.initAndRun(RemoteTestNG.java:251)
	at org.testng.remote.RemoteTestNG.main(RemoteTestNG.java:77)
</pre></div></td>
<td>10</td>
<td>Test.Element_Selection@55b5e331</td></tr>
</table><p>
<table width='100%' border='1' class='invocation-passed'>
<tr><td colspan='4' align='center'><b>PASSED TESTS</b></td></tr>
<tr><td><b>Test method</b></td>
<td width="30%"><b>Exception</b></td>
<td width="10%"><b>Time (seconds)</b></td>
<td><b>Instance</b></td>
</tr>
<tr>
<td title='Test.Category_Test.Mobile_Category()'><b>Mobile_Category</b><br>Test class: Test.Category_Test</td>
<td></td>
<td>5</td>
<td>Test.Category_Test@62d0ac62</td></tr>
<tr>
<td title='Test.Fashion.Electronics_Item()'><b>Electronics_Item</b><br>Test class: Test.Fashion</td>
<td></td>
<td>1</td>
<td>Test.Fashion@771158fb</td></tr>
<tr>
<td title='Test.Element_Selection.Test_Element()'><b>Test_Element</b><br>Test class: Test.Element_Selection</td>
<td></td>
<td>0</td>
<td>Test.Element_Selection@55b5e331</td></tr>
<tr>
<td title='Test.SocialMedia_Test.pop_Up()'><b>pop_Up</b><br>Test class: Test.SocialMedia_Test</td>
<td></td>
<td>0</td>
<td>Test.SocialMedia_Test@150d80c4</td></tr>
<tr>
<td title='Test.Fashion.Home_Test()'><b>Home_Test</b><br>Test class: Test.Fashion</td>
<td></td>
<td>2</td>
<td>Test.Fashion@771158fb</td></tr>
<tr>
<td title='Test.SocialMedia_Test.Youtube()'><b>Youtube</b><br>Test class: Test.SocialMedia_Test</td>
<td></td>
<td>0</td>
<td>Test.SocialMedia_Test@150d80c4</td></tr>
<tr>
<td title='Test.Login_Test.ValidLoginTest()'><b>ValidLoginTest</b><br>Test class: Test.Login_Test</td>
<td></td>
<td>0</td>
<td>Test.Login_Test@78d39a69</td></tr>
<tr>
<td title='Test.Login_Test.IncorrectPassword()'><b>IncorrectPassword</b><br>Test class: Test.Login_Test</td>
<td></td>
<td>0</td>
<td>Test.Login_Test@78d39a69</td></tr>
<tr>
<td title='Test.Login_Test.BlankCredentials()'><b>BlankCredentials</b><br>Test class: Test.Login_Test</td>
<td></td>
<td>0</td>
<td>Test.Login_Test@78d39a69</td></tr>
<tr>
<td title='Test.Category_Test.Categories()'><b>Categories</b><br>Test class: Test.Category_Test</td>
<td></td>
<td>1</td>
<td>Test.Category_Test@62d0ac62</td></tr>
<tr>
<td title='Test.SocialMedia_Test.FaceBook()'><b>FaceBook</b><br>Test class: Test.SocialMedia_Test</td>
<td></td>
<td>0</td>
<td>Test.SocialMedia_Test@150d80c4</td></tr>
<tr>
<td title='Test.Test_Search.InValid_Search_Test()'><b>InValid_Search_Test</b><br>Test class: Test.Test_Search</td>
<td></td>
<td>0</td>
<td>Test.Test_Search@41c89d2f</td></tr>
<tr>
<td title='Test.Fashion.fashion()'><b>fashion</b><br>Test class: Test.Fashion</td>
<td></td>
<td>1</td>
<td>Test.Fashion@771158fb</td></tr>
<tr>
<td title='Test.Login_Test.IncorrectEmailId()'><b>IncorrectEmailId</b><br>Test class: Test.Login_Test</td>
<td></td>
<td>0</td>
<td>Test.Login_Test@78d39a69</td></tr>
<tr>
<td title='Test.Test_Search.Blank_Search_Test()'><b>Blank_Search_Test</b><br>Test class: Test.Test_Search</td>
<td></td>
<td>0</td>
<td>Test.Test_Search@41c89d2f</td></tr>
<tr>
<td title='Test.Login_Test.InValidLoginTest()'><b>InValidLoginTest</b><br>Test class: Test.Login_Test</td>
<td></td>
<td>0</td>
<td>Test.Login_Test@78d39a69</td></tr>
<tr>
<td title='Test.Fashion.Other_Categories()'><b>Other_Categories</b><br>Test class: Test.Fashion</td>
<td></td>
<td>1</td>
<td>Test.Fashion@771158fb</td></tr>
<tr>
<td title='Test.Category_Test.Appliance_Categories()'><b>Appliance_Categories</b><br>Test class: Test.Category_Test</td>
<td></td>
<td>2</td>
<td>Test.Category_Test@62d0ac62</td></tr>
<tr>
<td title='Test.Test_Search.Valid_Search_Test()'><b>Valid_Search_Test</b><br>Test class: Test.Test_Search</td>
<td></td>
<td>0</td>
<td>Test.Test_Search@41c89d2f</td></tr>
</table><p>
</body>
</html>