<?xml version="1.0" encoding="UTF-8"?>
<!-- Generated by org.testng.reporters.JUnitXMLReporter -->
<testsuite ignored="15" hostname="IN-706M2J3" failures="1" tests="20" name="Test" time="168.84" errors="0" timestamp="2022-07-14T21:06:39 IST">
  <testcase classname="Test.Element_Selection" name="Test_Add_To_Cart" time="10.801">
    <failure type="org.openqa.selenium.NoSuchElementException" message="no such element: Unable to locate element: {&amp;quot;method&amp;quot;:&amp;quot;xpath&amp;quot;,&amp;quot;selector&amp;quot;:&amp;quot;/html[1]/body[1]/div[1]/div[1]/div[3]/div[1]/div[2]/div[2]/div[1]/div[4]/div[1]/a[1]/div[1]/div[1]/div[1]/img[1]&amp;quot;}
  (Session info: headless chrome=103.0.5060.114)
For documentation on this error, please visit: https://selenium.dev/exceptions/#no_such_element
Build info: version: &amp;apos;4.1.3&amp;apos;, revision: &amp;apos;7b1ebf28ef&amp;apos;
System info: host: &amp;apos;IN-706M2J3&amp;apos;, ip: &amp;apos;192.168.1.12&amp;apos;, os.name: &amp;apos;Windows 11&amp;apos;, os.arch: &amp;apos;amd64&amp;apos;, os.version: &amp;apos;10.0&amp;apos;, java.version: &amp;apos;18.0.1.1&amp;apos;
Driver info: org.openqa.selenium.chrome.ChromeDriver
Command: [a7b701919b1fe89247f74261cd3a6627, findElement {using=xpath, value=/html[1]/body[1]/div[1]/div[1]/div[3]/div[1]/div[2]/div[2]/div[1]/div[4]/div[1]/a[1]/div[1]/div[1]/div[1]/img[1]}]
Capabilities {acceptInsecureCerts: false, browserName: chrome, browserVersion: 103.0.5060.114, chrome: {chromedriverVersion: 102.0.5005.61 (0e59bcc00cc4..., userDataDir: C:\Users\ABHINI~1\AppData\L...}, goog:chromeOptions: {debuggerAddress: localhost:52571}, javascriptEnabled: true, networkConnectionEnabled: false, pageLoadStrategy: normal, platform: WINDOWS, platformName: WINDOWS, proxy: Proxy(), se:cdp: ws://localhost:52571/devtoo..., se:cdpVersion: 103.0.5060.114, setWindowRect: true, strictFileInteractability: false, timeouts: {implicit: 0, pageLoad: 300000, script: 30000}, unhandledPromptBehavior: dismiss and notify, webauthn:extension:credBlob: true, webauthn:extension:largeBlob: true, webauthn:virtualAuthenticators: true}
Session ID: a7b701919b1fe89247f74261cd3a6627">
      <![CDATA[org.openqa.selenium.NoSuchElementException: no such element: Unable to locate element: {"method":"xpath","selector":"/html[1]/body[1]/div[1]/div[1]/div[3]/div[1]/div[2]/div[2]/div[1]/div[4]/div[1]/a[1]/div[1]/div[1]/div[1]/img[1]"}
  (Session info: headless chrome=103.0.5060.114)
For documentation on this error, please visit: https://selenium.dev/exceptions/#no_such_element
Build info: version: '4.1.3', revision: '7b1ebf28ef'
System info: host: 'IN-706M2J3', ip: '192.168.1.12', os.name: 'Windows 11', os.arch: 'amd64', os.version: '10.0', java.version: '18.0.1.1'
Driver info: org.openqa.selenium.chrome.ChromeDriver
Command: [a7b701919b1fe89247f74261cd3a6627, findElement {using=xpath, value=/html[1]/body[1]/div[1]/div[1]/div[3]/div[1]/div[2]/div[2]/div[1]/div[4]/div[1]/a[1]/div[1]/div[1]/div[1]/img[1]}]
Capabilities {acceptInsecureCerts: false, browserName: chrome, browserVersion: 103.0.5060.114, chrome: {chromedriverVersion: 102.0.5005.61 (0e59bcc00cc4..., userDataDir: C:\Users\ABHINI~1\AppData\L...}, goog:chromeOptions: {debuggerAddress: localhost:52571}, javascriptEnabled: true, networkConnectionEnabled: false, pageLoadStrategy: normal, platform: WINDOWS, platformName: WINDOWS, proxy: Proxy(), se:cdp: ws://localhost:52571/devtoo..., se:cdpVersion: 103.0.5060.114, setWindowRect: true, strictFileInteractability: false, timeouts: {implicit: 0, pageLoad: 300000, script: 30000}, unhandledPromptBehavior: dismiss and notify, webauthn:extension:credBlob: true, webauthn:extension:largeBlob: true, webauthn:virtualAuthenticators: true}
Session ID: a7b701919b1fe89247f74261cd3a6627
at org.openqa.selenium.remote.codec.w3c.W3CHttpResponseCodec.createException(W3CHttpResponseCodec.java:200)
at org.openqa.selenium.remote.codec.w3c.W3CHttpResponseCodec.decode(W3CHttpResponseCodec.java:133)
at org.openqa.selenium.remote.codec.w3c.W3CHttpResponseCodec.decode(W3CHttpResponseCodec.java:53)
at org.openqa.selenium.remote.HttpCommandExecutor.execute(HttpCommandExecutor.java:184)
at org.openqa.selenium.remote.service.DriverCommandExecutor.invokeExecute(DriverCommandExecutor.java:167)
at org.openqa.selenium.remote.service.DriverCommandExecutor.execute(DriverCommandExecutor.java:142)
at org.openqa.selenium.remote.RemoteWebDriver.execute(RemoteWebDriver.java:567)
at org.openqa.selenium.remote.ElementLocation$ElementFinder$2.findElement(ElementLocation.java:162)
at org.openqa.selenium.remote.ElementLocation.findElement(ElementLocation.java:60)
at org.openqa.selenium.remote.RemoteWebDriver.findElement(RemoteWebDriver.java:385)
at org.openqa.selenium.remote.RemoteWebDriver.findElement(RemoteWebDriver.java:377)
at org.openqa.selenium.support.pagefactory.DefaultElementLocator.findElement(DefaultElementLocator.java:70)
at org.openqa.selenium.support.pagefactory.internal.LocatingElementHandler.invoke(LocatingElementHandler.java:39)
at jdk.proxy2/jdk.proxy2.$Proxy33.click(Unknown Source)
at Page.Selection.Item_Add_To_Cart(Selection.java:45)
at Test.Element_Selection.Test_Add_To_Cart(Element_Selection.java:22)
at java.base/java.util.ArrayList.forEach(ArrayList.java:1511)
... Removed 28 stack frames]]>
    </failure>
  </testcase> <!-- Test_Add_To_Cart -->
  <testcase classname="Test.Element_Selection" name="Test_Element" time="0.187"/>
  <testcase classname="Test.Fashion" name="Electronics_Item" time="1.815"/>
  <testcase classname="Test.Fashion" name="Home_Test" time="2.047"/>
  <testcase classname="Test.Fashion" name="Other_Categories" time="1.904"/>
  <testcase classname="Test.Fashion" name="fashion" time="1.936"/>
  <testcase classname="Test.Category_Test" name="Appliance_Categories" time="2.255"/>
  <testcase classname="Test.Category_Test" name="Categories" time="1.064"/>
  <testcase classname="Test.Category_Test" name="Mobile_Category" time="5.27"/>
  <testcase classname="Test.SocialMedia_Test" name="FaceBook" time="0.143"/>
  <testcase classname="Test.SocialMedia_Test" name="Youtube" time="0.063"/>
  <testcase classname="Test.SocialMedia_Test" name="pop_Up" time="0.192"/>
  <testcase classname="Test.Test_Search" name="Valid_Search_Test" time="0.527"/>
  <testcase classname="Test.Test_Search" name="InValid_Search_Test" time="0.227"/>
  <testcase classname="Test.Test_Search" name="Blank_Search_Test" time="0.214"/>
  <testcase classname="Test.Login_Test" name="ValidLoginTest" time="0.241"/>
  <testcase classname="Test.Login_Test" name="InValidLoginTest" time="0.194"/>
  <testcase classname="Test.Login_Test" name="IncorrectPassword" time="0.21"/>
  <testcase classname="Test.Login_Test" name="IncorrectEmailId" time="0.238"/>
  <testcase classname="Test.Login_Test" name="BlankCredentials" time="0.199"/>
  <testcase classname="Test.Profile_Test" name="Prof_test" time="0.0">
    <ignored/>
  </testcase> <!-- Prof_test -->
  <testcase classname="Test.BaseClass" name="@AfterSuite endReport" time="0.0">
    <ignored/>
  </testcase> <!-- @AfterSuite endReport -->
  <testcase classname="Test.BaseClass" name="@AfterSuite endReport" time="0.0">
    <ignored/>
  </testcase> <!-- @AfterSuite endReport -->
  <testcase classname="Test.BaseClass" name="@AfterSuite endReport" time="0.0">
    <ignored/>
  </testcase> <!-- @AfterSuite endReport -->
  <testcase classname="Test.BaseClass" name="@AfterSuite endReport" time="0.0">
    <ignored/>
  </testcase> <!-- @AfterSuite endReport -->
  <testcase classname="Test.BaseClass" name="@AfterSuite endReport" time="0.0">
    <ignored/>
  </testcase> <!-- @AfterSuite endReport -->
  <testcase classname="Test.BaseClass" name="@AfterSuite endReport" time="0.0">
    <ignored/>
  </testcase> <!-- @AfterSuite endReport -->
  <testcase classname="Test.BaseClass" name="@AfterSuite endReport" time="0.0">
    <ignored/>
  </testcase> <!-- @AfterSuite endReport -->
  <testcase classname="Test.BaseClass" name="@BeforeSuite setReports" time="0.0">
    <ignored/>
  </testcase> <!-- @BeforeSuite setReports -->
  <testcase classname="Test.BaseClass" name="@BeforeSuite setReports" time="0.0">
    <ignored/>
  </testcase> <!-- @BeforeSuite setReports -->
  <testcase classname="Test.BaseClass" name="@BeforeSuite setReports" time="0.0">
    <ignored/>
  </testcase> <!-- @BeforeSuite setReports -->
  <testcase classname="Test.BaseClass" name="@BeforeSuite setReports" time="0.0">
    <ignored/>
  </testcase> <!-- @BeforeSuite setReports -->
  <testcase classname="Test.BaseClass" name="@BeforeSuite setReports" time="0.0">
    <ignored/>
  </testcase> <!-- @BeforeSuite setReports -->
  <testcase classname="Test.BaseClass" name="@BeforeSuite setReports" time="0.0">
    <ignored/>
  </testcase> <!-- @BeforeSuite setReports -->
  <testcase classname="Test.BaseClass" name="@BeforeSuite setReports" time="0.0">
    <ignored/>
  </testcase> <!-- @BeforeSuite setReports -->
</testsuite> <!-- Test -->
